<?xml version="1.0" encoding="UTF-8"?>
<testExecutions version="1">
  <file path="/home/felipe/Projetos/vue-components/src/components/FyButton/__tests__/FyButtonStatus.spec.ts">
    <testCase name="FyButtonSearch should render component and match snapshot" duration="87"/>
    <testCase name="FyButtonSearch when status is active name" duration="24"/>
    <testCase name="FyButtonSearch when status is active color" duration="19"/>
    <testCase name="FyButtonSearch when status is active event" duration="18"/>
    <testCase name="FyButtonSearch when status is active when button is clicked" duration="18"/>
    <testCase name="FyButtonSearch when status is inactitve name" duration="13"/>
    <testCase name="FyButtonSearch when status is inactitve color" duration="16"/>
    <testCase name="FyButtonSearch when status is inactitve event" duration="15"/>
    <testCase name="FyButtonSearch when status is inactitve when button is clicked" duration="16"/>
  </file>
</testExecutions>