<?xml version="1.0" encoding="UTF-8"?>
<testExecutions version="1">
  <file path="/home/felipe/Projetos/vue-components/src/components/FyNotificationBar/__tests__/FyNotificationBar.spec.ts">
    <testCase name="FyNotificationBar.ts should render component and match snapshot" duration="234"/>
  </file>
  <file path="/home/felipe/Projetos/vue-components/src/components/FyCard/__tests__/FyCard.spec.ts">
    <testCase name="FyCard should render component and match snapshot" duration="242"/>
  </file>
  <file path="/home/felipe/Projetos/vue-components/src/components/FyCard/__tests__/FyCardForm.spec.ts">
    <testCase name="FyCardForm should render component and match snapshot" duration="286"/>
  </file>
  <file path="/home/felipe/Projetos/vue-components/src/components/FyButton/__tests__/FyButtonSearch.spec.ts">
    <testCase name="FyButtonSearch should render component and match snapshot" duration="247"/>
    <testCase name="FyButtonSearch when hideName should apply class" duration="48"/>
    <testCase name="FyButtonSearch when button is clicked" duration="48"/>
  </file>
  <file path="/home/felipe/Projetos/vue-components/src/components/FyInfoCard/__tests__/FyInfoCard.spec.ts">
    <testCase name="FyInfoCard should render component and match snapshot" duration="277"/>
  </file>
  <file path="/home/felipe/Projetos/vue-components/src/components/FyFilter/__tests__/FyFilter.spec.ts">
    <testCase name="FyFilter.ts Component exists" duration="138"/>
    <testCase name="FyFilter.ts checkAllTags test" duration="55"/>
    <testCase name="FyFilter.ts checkFilters test" duration="37"/>
    <testCase name="FyFilter.ts checkFilters test else block" duration="82"/>
  </file>
  <file path="/home/felipe/Projetos/vue-components/src/components/FyDrawer/__tests__/FyDrawer.spec.ts">
    <testCase name="FyDrawer.ts Component exists" duration="132"/>
    <testCase name="FyDrawer.ts Test navigate" duration="75"/>
    <testCase name="FyDrawer.ts Test navigate else block" duration="93"/>
    <testCase name="FyDrawer.ts Test navigateItem" duration="55"/>
    <testCase name="FyDrawer.ts Test navigateItem else block" duration="47"/>
    <testCase name="FyDrawer.ts Test navigateSubitem" duration="27"/>
  </file>
  <file path="/home/felipe/Projetos/vue-components/src/components/FyDialog/__tests__/FyDialogDelete.spec.ts">
    <testCase name="FyDialogDelete.ts Component exists" duration="118"/>
    <testCase name="FyDialogDelete.ts Test close" duration="51"/>
    <testCase name="FyDialogDelete.ts Test submit" duration="42"/>
  </file>
  <file path="/home/felipe/Projetos/vue-components/src/components/FyDataTable/__tests__/FyDataTable.spec.ts">
    <testCase name="FyDataTable.ts Component exists" duration="122"/>
    <testCase name="FyDataTable.ts Test Pagination set" duration="53"/>
    <testCase name="FyDataTable.ts Test radioSelect set" duration="43"/>
    <testCase name="FyDataTable.ts Check Color Case Alta" duration="43"/>
    <testCase name="FyDataTable.ts Check Color Case MÃ©dia" duration="47"/>
    <testCase name="FyDataTable.ts Check Color Case Baixa" duration="34"/>
    <testCase name="FyDataTable.ts Check Color Case Null" duration="43"/>
  </file>
  <file path="/home/felipe/Projetos/vue-components/src/components/FyInput/__tests__/FyInputDate.spec.ts">
    <testCase name="FyInputDate.ts Component exists" duration="93"/>
    <testCase name="FyInputDate.ts getDateToString test" duration="58"/>
    <testCase name="FyInputDate.ts getDateToString test else block" duration="41"/>
  </file>
  <file path="/home/felipe/Projetos/vue-components/src/components/FyInput/__tests__/FyInputDateTime.spec.ts">
    <testCase name="FyInputDateTime.ts Component exists" duration="102"/>
    <testCase name="FyInputDateTime.ts getStringToDate test" duration="70"/>
    <testCase name="FyInputDateTime.ts getStringToDate test else block" duration="48"/>
    <testCase name="FyInputDateTime.ts getDateToString test" duration="183"/>
    <testCase name="FyInputDateTime.ts getDateToString test else block" duration="37"/>
  </file>
  <file path="/home/felipe/Projetos/vue-components/src/components/FyToolbar/__tests__/FyToolbar.spec.ts">
    <testCase name="FyToolbar.ts Component exists" duration="47"/>
    <testCase name="FyToolbar.ts Back test" duration="34"/>
  </file>
  <file path="/home/felipe/Projetos/vue-components/src/components/FyDialog/__tests__/FyDialog.spec.ts">
    <testCase name="FyDialog.ts should render component and match snapshot" duration="74"/>
  </file>
  <file path="/home/felipe/Projetos/vue-components/src/components/FyChart/__tests__/FyChartGauge.spec.ts">
    <testCase name="FyChartGauge.ts should render component and match snapshot" duration="62"/>
  </file>
  <file path="/home/felipe/Projetos/vue-components/src/components/FyButton/__tests__/FyButton.spec.ts">
    <testCase name="FyButton should render component and match snapshot" duration="119"/>
  </file>
  <file path="/home/felipe/Projetos/vue-components/src/components/FyInput/__tests__/FyInputCpf.spec.ts">
    <testCase name="FyInputCpf.ts should render component and match snapshot" duration="75"/>
  </file>
  <file path="/home/felipe/Projetos/vue-components/src/components/FyUserLabel/__tests__/FyUserLabel.spec.ts">
    <testCase name="FyUserLabel.ts should render component and match snapshot" duration="64"/>
  </file>
  <file path="/home/felipe/Projetos/vue-components/src/components/FyInput/__tests__/FyInputPhone.spec.ts">
    <testCase name="FyInputPhone.ts should render component and match snapshot" duration="104"/>
  </file>
  <file path="/home/felipe/Projetos/vue-components/src/components/FyInput/__tests__/FyInput.spec.ts">
    <testCase name="FyInput.ts should render component and match snapshot" duration="135"/>
  </file>
  <file path="/home/felipe/Projetos/vue-components/src/components/FyAvatar/__tests__/FyAvatar.spec.ts">
    <testCase name="FyAvatar should render component and match snapshot" duration="57"/>
  </file>
  <file path="/home/felipe/Projetos/vue-components/src/components/FyCard/__tests__/FyCardFilter.spec.ts">
    <testCase name="FyCardFilter should render component and match snapshot" duration="150"/>
  </file>
  <file path="/home/felipe/Projetos/vue-components/src/components/FySnackbar/__tests__/FySnackbar.spec.ts">
    <testCase name="FySnackbar.ts Component exists" duration="69"/>
    <testCase name="FySnackbar.ts Test snackbarClose" duration="24"/>
  </file>
  <file path="/home/felipe/Projetos/vue-components/src/components/FyInput/__tests__/FyInputCurrency.spec.ts">
    <testCase name="FyInputCurrency.ts should render component and match snapshot" duration="105"/>
  </file>
  <file path="/home/felipe/Projetos/vue-components/src/components/FyDialog/__tests__/FyDialogBase.spec.ts">
    <testCase name="FyDialogBase.ts should render component and match snapshot" duration="69"/>
  </file>
  <file path="/home/felipe/Projetos/vue-components/src/components/FyAutocomplete/__tests__/FyAutocomplete.spec.ts">
    <testCase name="FyAutocomplete should render component and match snapshot" duration="125"/>
  </file>
  <file path="/home/felipe/Projetos/vue-components/src/components/FyInput/__tests__/FyInputCep.spec.ts">
    <testCase name="FyInputCep.ts Component exists" duration="79"/>
  </file>
  <file path="/home/felipe/Projetos/vue-components/src/utils/__tests__/format.type.spec.ts">
    <testCase name="Test formaters fyFormatTypeInteger" duration="4"/>
    <testCase name="Test formaters fyFormatTypeString" duration="1"/>
    <testCase name="Test formaters fyFormatTypeOnlyNumbers" duration="1"/>
    <testCase name="Test formaters fyFormatTypeValueToFloat" duration="1"/>
    <testCase name="Test formaters fyFormatTypeStringWithoutSpacesOrNull" duration="2"/>
    <testCase name="Test formaters fyFormatTypeJsonToObject" duration="2"/>
  </file>
  <file path="/home/felipe/Projetos/vue-components/src/components/FyInput/__tests__/FyInputTime.spec.ts">
    <testCase name="FyInputTime.ts should render component and match snapshot" duration="76"/>
  </file>
  <file path="/home/felipe/Projetos/vue-components/src/utils/__tests__/format.mask.spec.ts">
    <testCase name="format.mask formatCurrencyMaskToFloat" duration="4"/>
  </file>
  <file path="/home/felipe/Projetos/vue-components/src/utils/__tests__/format.date.spec.ts">
    <testCase name="Test formaters fyFormatDate" duration="5"/>
    <testCase name="Test formaters fyParserDateOder" duration="2"/>
  </file>
  <file path="/home/felipe/Projetos/vue-components/src/components/FyInput/__tests__/FyInputCnpj.spec.ts">
    <testCase name="FyInputCnpj.ts should render component and match snapshot" duration="75"/>
  </file>
  <file path="/home/felipe/Projetos/vue-components/src/components/FyStatus/__test__/FyStatus.spec.ts">
    <testCase name="FyStatus should render component and match snapshot" duration="115"/>
    <testCase name="FyStatus when switch is clicked" duration="50"/>
  </file>
</testExecutions>