<?xml version="1.0" encoding="UTF-8"?>
<testExecutions version="1">
  <file path="/home/felipe/Projetos/vue-components/src/utils/__tests__/format.mask.spec.ts">
    <testCase name="format.mask formatCurrencyMaskToFloat" duration="4"/>
  </file>
  <file path="/home/felipe/Projetos/vue-components/src/utils/__tests__/format.date.spec.ts">
    <testCase name="Test formaters fyFormatDate" duration="5"/>
    <testCase name="Test formaters fyParserDateOder" duration="3"/>
  </file>
  <file path="/home/felipe/Projetos/vue-components/src/utils/__tests__/format.type.spec.ts">
    <testCase name="Test formaters fyFormatTypeInteger" duration="3"/>
    <testCase name="Test formaters fyFormatTypeString" duration="1"/>
    <testCase name="Test formaters fyFormatTypeOnlyNumbers" duration="6"/>
    <testCase name="Test formaters fyFormatTypeValueToFloat" duration="3"/>
    <testCase name="Test formaters fyFormatTypeStringWithoutSpacesOrNull" duration="2"/>
    <testCase name="Test formaters fyFormatTypeJsonToObject" duration="1"/>
  </file>
  <file path="/home/felipe/Projetos/vue-components/src/components/FyDialog/__tests__/FyDialogDelete.spec.ts">
    <testCase name="FyDialogDelete.ts should render component and match snapshot" duration="173"/>
  </file>
  <file path="/home/felipe/Projetos/vue-components/src/components/FyNotificationBar/__tests__/FyNotificationBar.spec.ts">
    <testCase name="FyNotificationBar.ts should render component and match snapshot" duration="316"/>
  </file>
  <file path="/home/felipe/Projetos/vue-components/src/components/FyButton/__tests__/FyButton.spec.ts">
    <testCase name="FyButton should render component and match snapshot" duration="224"/>
  </file>
  <file path="/home/felipe/Projetos/vue-components/src/components/FyUserLabel/__tests__/FyUserLabel.spec.ts">
    <testCase name="FyUserLabel.ts should render component and match snapshot" duration="220"/>
  </file>
  <file path="/home/felipe/Projetos/vue-components/src/components/FyFilter/__tests__/FyFilter.spec.ts">
    <testCase name="FyFilter.ts should render component and match snapshot" duration="354"/>
  </file>
  <file path="/home/felipe/Projetos/vue-components/src/components/FyDialog/__tests__/FyDialogBase.spec.ts">
    <testCase name="FyDialogBase.ts should render component and match snapshot" duration="200"/>
  </file>
  <file path="/home/felipe/Projetos/vue-components/src/components/FyInfoCard/__tests__/FyInfoCard.spec.ts">
    <testCase name="FyInfoCard should render component and match snapshot" duration="265"/>
  </file>
  <file path="/home/felipe/Projetos/vue-components/src/components/FyChart/__tests__/FyChartGauge.spec.ts">
    <testCase name="FyChartGauge.ts should render component and match snapshot" duration="117"/>
  </file>
  <file path="/home/felipe/Projetos/vue-components/src/components/FySnackbar/__tests__/FySnackbar.spec.ts">
    <testCase name="FySnackbar.ts should render component and match snapshot" duration="192"/>
  </file>
  <file path="/home/felipe/Projetos/vue-components/src/components/FyDrawer/__tests__/FyDrawer.spec.ts">
    <testCase name="FyDrawer.ts should render component and match snapshot" duration="243"/>
  </file>
  <file path="/home/felipe/Projetos/vue-components/src/components/FyToolbar/__tests__/FyToolbar.spec.ts">
    <testCase name="FyToolbar.ts should render component and match snapshot" duration="151"/>
  </file>
  <file path="/home/felipe/Projetos/vue-components/src/components/FyAvatar/__tests__/FyAvatar.spec.ts">
    <testCase name="FyAvatar should render component and match snapshot" duration="126"/>
  </file>
  <file path="/home/felipe/Projetos/vue-components/src/components/FyDataTable/__tests__/FyDataTable.spec.ts">
    <testCase name="FyDataTable.ts should render component and match snapshot" duration="129"/>
  </file>
  <file path="/home/felipe/Projetos/vue-components/src/components/FyDialog/__tests__/FyDialog.spec.ts">
    <testCase name="FyDialog.ts should render component and match snapshot" duration="110"/>
  </file>
  <file path="/home/felipe/Projetos/vue-components/src/components/FyInput/__tests__/FyInput.spec.ts">
    <testCase name="FyInput.ts should render component and match snapshot" duration="55"/>
  </file>
  <file path="/home/felipe/Projetos/vue-components/src/components/FyAutocomplete/__tests__/FyAutocomplete.spec.ts">
    <testCase name="FyAutocomplete should render component and match snapshot" duration="92"/>
  </file>
</testExecutions>