<?xml version="1.0" encoding="UTF-8"?>
<testExecutions version="1">
  <file path="C:\Users\Denis\Documents\projetos\vue-components\src\utils\__tests__\format.type.spec.ts">
    <testCase name="Test formaters fyFormatTypeInteger" duration="31"/>
    <testCase name="Test formaters fyFormatTypeString" duration="12"/>
    <testCase name="Test formaters fyFormatTypeOnlyNumbers" duration="2"/>
    <testCase name="Test formaters fyFormatTypeValueToFloat" duration="2"/>
    <testCase name="Test formaters fyFormatTypeStringWithoutSpacesOrNull" duration="3"/>
    <testCase name="Test formaters fyFormatTypeJsonToObject" duration="3"/>
  </file>
  <file path="C:\Users\Denis\Documents\projetos\vue-components\src\components\FyDialog\__tests__\FyDialogDelete.spec.ts">
    <testCase name="FyDialogDelete.ts should render component and match snapshot" duration="215"/>
  </file>
  <file path="C:\Users\Denis\Documents\projetos\vue-components\src\components\FyButton\__tests__\FyButton.spec.ts">
    <testCase name="FyButton should render component and match snapshot" duration="345"/>
  </file>
  <file path="C:\Users\Denis\Documents\projetos\vue-components\src\components\FyNotificationBar\__tests__\FyNotificationBar.spec.ts">
    <testCase name="FyNotificationBar.ts should render component and match snapshot" duration="336"/>
  </file>
  <file path="C:\Users\Denis\Documents\projetos\vue-components\src\components\FyDrawer\__tests__\FyDrawer.spec.ts">
    <testCase name="FyDrawer.ts should render component and match snapshot" duration="382"/>
  </file>
  <file path="C:\Users\Denis\Documents\projetos\vue-components\src\components\FyFilter\__tests__\FyFilter.spec.ts">
    <testCase name="FyFilter.ts should render component and match snapshot" duration="395"/>
  </file>
  <file path="C:\Users\Denis\Documents\projetos\vue-components\src\components\FyAutocomplete\__tests__\FyAutocomplete.spec.ts">
    <testCase name="FyAutocomplete should render component and match snapshot" duration="189"/>
  </file>
  <file path="C:\Users\Denis\Documents\projetos\vue-components\src\components\FyInput\__tests__\FyInput.spec.ts">
    <testCase name="FyInput.ts should render component and match snapshot" duration="209"/>
  </file>
  <file path="C:\Users\Denis\Documents\projetos\vue-components\src\components\FyInfoCard\__tests__\FyInfoCard.spec.ts">
    <testCase name="FyInfoCard should render component and match snapshot" duration="325"/>
  </file>
  <file path="C:\Users\Denis\Documents\projetos\vue-components\src\components\FySnackbar\__tests__\FySnackbar.spec.ts">
    <testCase name="FySnackbar.ts should render component and match snapshot" duration="269"/>
  </file>
  <file path="C:\Users\Denis\Documents\projetos\vue-components\src\components\FyDialog\__tests__\FyDialog.spec.ts">
    <testCase name="FyDialog.ts should render component and match snapshot" duration="157"/>
  </file>
  <file path="C:\Users\Denis\Documents\projetos\vue-components\src\components\FyChart\__tests__\FyChartGauge.spec.ts">
    <testCase name="FyChartGauge.ts should render component and match snapshot" duration="147"/>
  </file>
  <file path="C:\Users\Denis\Documents\projetos\vue-components\src\components\FyUserLabel\__tests__\FyUserLabel.spec.ts">
    <testCase name="FyUserLabel.ts should render component and match snapshot" duration="111"/>
  </file>
  <file path="C:\Users\Denis\Documents\projetos\vue-components\src\utils\__tests__\format.date.spec.ts">
    <testCase name="Test formaters fyFormatDate" duration="5"/>
    <testCase name="Test formaters fyParserDateOder" duration="4"/>
  </file>
  <file path="C:\Users\Denis\Documents\projetos\vue-components\src\components\FyToolbar\__tests__\FyToolbar.spec.ts">
    <testCase name="FyToolbar.ts should render component and match snapshot" duration="93"/>
  </file>
  <file path="C:\Users\Denis\Documents\projetos\vue-components\src\utils\__tests__\format.mask.spec.ts">
    <testCase name="format.mask formatCurrencyMaskToFloat" duration="4"/>
  </file>
  <file path="C:\Users\Denis\Documents\projetos\vue-components\src\components\FyDialog\__tests__\FyDialogBase.spec.ts">
    <testCase name="FyDialogBase.ts should render component and match snapshot" duration="102"/>
  </file>
  <file path="C:\Users\Denis\Documents\projetos\vue-components\src\components\FyAvatar\__tests__\FyAvatar.spec.ts">
    <testCase name="FyAvatar should render component and match snapshot" duration="86"/>
  </file>
  <file path="C:\Users\Denis\Documents\projetos\vue-components\src\components\FyDataTable\__tests__\FyDataTable.spec.ts">
    <testCase name="FyDataTable.ts Component exists" duration="86"/>
    <testCase name="FyDataTable.ts Test Pagination set" duration="43"/>
    <testCase name="FyDataTable.ts Test radioSelect set" duration="20"/>
    <testCase name="FyDataTable.ts Check Color Case Alta" duration="18"/>
    <testCase name="FyDataTable.ts Check Color Case MÃ©dia" duration="20"/>
    <testCase name="FyDataTable.ts Check Color Case Baixa" duration="21"/>
    <testCase name="FyDataTable.ts Check Color Case Null" duration="25"/>
  </file>
</testExecutions>